This is pdfTeX, Version 3.141592653-2.6-1.40.24 (TeX Live 2022/Debian) (preloaded format=pdflatex 2023.11.15)  15 NOV 2023 17:21
entering extended mode
 restricted \write18 enabled.
 %&-line parsing enabled.
**refman
(./refman.tex
LaTeX2e <2022-11-01> patch level 1
L3 programming layer <2023-01-16>
(/usr/share/texlive/texmf-dist/tex/latex/base/book.cls
Document Class: book 2022/07/02 v1.4n Standard LaTeX document class
(/usr/share/texlive/texmf-dist/tex/latex/base/bk10.clo
File: bk10.clo 2022/07/02 v1.4n Standard LaTeX file (size option)
)
\c@part=\count185
\c@chapter=\count186
\c@section=\count187
\c@subsection=\count188
\c@subsubsection=\count189
\c@paragraph=\count190
\c@subparagraph=\count191
\c@figure=\count192
\c@table=\count193
\abovecaptionskip=\skip48
\belowcaptionskip=\skip49
\bibindent=\dimen140
)
(/usr/share/texlive/texmf-dist/tex/latex/base/ifthen.sty
Package: ifthen 2022/04/13 v1.1d Standard LaTeX ifthen package (DPC)
)
(/usr/share/texlive/texmf-dist/tex/latex/tools/array.sty
Rollback for package 'array' requested -> date 2016-10-06.
         Best approximation is the release introduced on 2016-10-06.

(/usr/share/texlive/texmf-dist/tex/latex/tools/array-2016-10-06.sty
Package: array 2016/10/06 v2.4d Tabular extension package (FMi)
\col@sep=\dimen141
\extrarowheight=\dimen142
\NC@list=\toks16
\extratabsurround=\skip50
\backup@length=\skip51
))
(/usr/share/texlive/texmf-dist/tex/latex/base/fixltx2e.sty
Package: fixltx2e 2016/12/29 v2.1a fixes to LaTeX (obsolete)
Applying: [2015/01/01] Old fixltx2e package on input line 46.


Package fixltx2e Warning: fixltx2e is not required with releases after 2015
(fixltx2e)                All fixes are now in the LaTeX kernel.
(fixltx2e)                See the latexrelease package for details.

Already applied: [0000/00/00] Old fixltx2e package on input line 53.
) (./doxygen.sty
Package: doxygen 
 (/usr/share/texlive/texmf-dist/tex/latex/base/alltt.sty
Package: alltt 2021/01/29 v2.0g defines alltt environment
)
(/usr/share/texlive/texmf-dist/tex/latex/tools/calc.sty
Package: calc 2017/05/25 v4.3 Infix arithmetic (KKT,FJ)
\calc@Acount=\count194
\calc@Bcount=\count195
\calc@Adimen=\dimen143
\calc@Bdimen=\dimen144
\calc@Askip=\skip52
\calc@Bskip=\skip53
LaTeX Info: Redefining \setlength on input line 80.
LaTeX Info: Redefining \addtolength on input line 81.
\calc@Ccount=\count196
\calc@Cskip=\skip54
)

! LaTeX Error: File `float.sty' not found.

Type X to quit or <RETURN> to proceed,
or enter new name. (Default extension: sty)

Enter file name: 
(/usr/share/texlive/texmf-dist/tex/latex/tools/verbatim.sty
Package: verbatim 2022-07-02 v1.5u LaTeX2e package for verbatim enhancements
\every@verbatim=\toks17
\verbatim@line=\toks18
\verbatim@in@stream=\read2
)

! LaTeX Error: File `xcolor.sty' not found.

Type X to quit or <RETURN> to proceed,
or enter new name. (Default extension: sty)

Enter file name: 
(./longtable_doxygen.sty
Package: longtable_doxygen 2014/10/28 v4.11 Multi-page Table package (DPC) - fr
ozen version for doxygen
\LTleft=\skip55
\LTright=\skip56
\LTpre=\skip57
\LTpost=\skip58
\LTchunksize=\count197
\LTcapwidth=\dimen145
\LT@head=\box51
\LT@firsthead=\box52
\LT@foot=\box53
\LT@lastfoot=\box54
\LT@cols=\count198
\LT@rows=\count199
\c@LT@tables=\count266
\c@LT@chunks=\count267
\LT@p@ftn=\toks19
) (./tabu_doxygen.sty
Package: tabu_doxygen 2011/02/26 v2.8 - flexible LaTeX tabulars (FC), frozen ve
rsion for doxygen


! LaTeX Error: File `varwidth.sty' not found.

Type X to quit or <RETURN> to proceed,
or enter new name. (Default extension: sty)

Enter file name: 
\c@taburow=\count268
\tabu@nbcols=\count269
\tabu@cnt=\count270
\tabu@Xcol=\count271
\tabu@alloc=\count272
\tabu@nested=\count273
\tabu@target=\dimen146
\tabu@spreadtarget=\dimen147
\tabu@naturalX=\dimen148
\tabucolX=\dimen149
\tabu@Xsum=\dimen150
\extrarowdepth=\dimen151
\abovetabulinesep=\dimen152
\belowtabulinesep=\dimen153
\tabustrutrule=\dimen154
\tabu@thebody=\toks20
\tabu@footnotes=\toks21
\tabu@box=\box55
\tabu@arstrutbox=\box56
\tabu@hleads=\box57
\tabu@vleads=\box58
\tabu@cellskip=\skip59
)

! LaTeX Error: File `fancyvrb.sty' not found.

Type X to quit or <RETURN> to proceed,
or enter new name. (Default extension: sty)

Enter file name: 
(/usr/share/texlive/texmf-dist/tex/latex/tools/tabularx.sty
Package: tabularx 2020/01/15 v2.11c `tabularx' package (DPC)
\TX@col@width=\dimen155
\TX@old@table=\dimen156
\TX@old@col=\dimen157
\TX@target=\dimen158
\TX@delta=\dimen159
\TX@cols=\count274
\TX@ftn=\toks22
)
(/usr/share/texlive/texmf-dist/tex/latex/tools/multicol.sty
Package: multicol 2021/11/30 v1.9d multicolumn formatting (FMi)
\c@tracingmulticols=\count275
\mult@box=\box59
\multicol@leftmargin=\dimen160
\c@unbalance=\count276
\c@collectmore=\count277
\doublecol@number=\count278
\multicoltolerance=\count279
\multicolpretolerance=\count280
\full@width=\dimen161
\page@free=\dimen162
\premulticols=\dimen163
\postmulticols=\dimen164
\multicolsep=\skip60
\multicolbaselineskip=\skip61
\partial@page=\box60
\last@line=\box61
\maxbalancingoverflow=\dimen165
\mult@rightbox=\box62
\mult@grightbox=\box63
\mult@firstbox=\box64
\mult@gfirstbox=\box65
\@tempa=\box66
\@tempa=\box67
\@tempa=\box68
\@tempa=\box69
\@tempa=\box70
\@tempa=\box71
\@tempa=\box72
\@tempa=\box73
\@tempa=\box74
\@tempa=\box75
\@tempa=\box76
\@tempa=\box77
\@tempa=\box78
\@tempa=\box79
\@tempa=\box80
\@tempa=\box81
\@tempa=\box82
\@tempa=\box83
\@tempa=\box84
\@tempa=\box85
\@tempa=\box86
\@tempa=\box87
\@tempa=\box88
\@tempa=\box89
\@tempa=\box90
\@tempa=\box91
\@tempa=\box92
\@tempa=\box93
\@tempa=\box94
\@tempa=\box95
\@tempa=\box96
\@tempa=\box97
\@tempa=\box98
\@tempa=\box99
\@tempa=\box100
\@tempa=\box101
\c@minrows=\count281
\c@columnbadness=\count282
\c@finalcolumnbadness=\count283
\last@try=\dimen166
\multicolovershoot=\dimen167
\multicolundershoot=\dimen168
\mult@nat@firstbox=\box102
\colbreak@box=\box103
\mc@col@check@num=\count284
)

! LaTeX Error: File `multirow.sty' not found.

Type X to quit or <RETURN> to proceed,
or enter new name. (Default extension: sty)

Enter file name: 

! LaTeX Error: File `hanging.sty' not found.

Type X to quit or <RETURN> to proceed,
or enter new name. (Default extension: sty)

Enter file name: 
(/usr/share/texlive/texmf-dist/tex/generic/iftex/ifpdf.sty
Package: ifpdf 2019/10/25 v3.4 ifpdf legacy package. Use iftex instead.

(/usr/share/texlive/texmf-dist/tex/generic/iftex/iftex.sty
Package: iftex 2022/02/03 v1.0f TeX engine tests
))

! LaTeX Error: File `adjustbox.sty' not found.

Type X to quit or <RETURN> to proceed,
or enter new name. (Default extension: sty)

Enter file name: 
(/usr/share/texlive/texmf-dist/tex/latex/amsfonts/amssymb.sty
Package: amssymb 2013/01/14 v3.01 AMS font symbols

(/usr/share/texlive/texmf-dist/tex/latex/amsfonts/amsfonts.sty
Package: amsfonts 2013/01/14 v3.01 Basic AMSFonts support
\@emptytoks=\toks23
\symAMSa=\mathgroup4
\symAMSb=\mathgroup5
LaTeX Font Info:    Redeclaring math symbol \hbar on input line 98.
LaTeX Font Info:    Overwriting math alphabet `\mathfrak' in version `bold'
(Font)                  U/euf/m/n --> U/euf/b/n on input line 106.
))

! LaTeX Error: File `stackengine.sty' not found.

Type X to quit or <RETURN> to proceed,
or enter new name. (Default extension: sty)

Enter file name: 

! LaTeX Error: File `enumitem.sty' not found.

Type X to quit or <RETURN> to proceed,
or enter new name. (Default extension: sty)

Enter file name: 

! LaTeX Error: File `alphalph.sty' not found.

Type X to quit or <RETURN> to proceed,
or enter new name. (Default extension: sty)

Enter file name: 

! LaTeX Error: File `ulem.sty' not found.

Type X to quit or <RETURN> to proceed,
or enter new name. (Default extension: sty)

Enter file name: 

! LaTeX Error: File `enumitem.sty' not found.

Type X to quit or <RETURN> to proceed,
or enter new name. (Default extension: sty)

Enter file name: 
\xrefbox=\box104
\xreflength=\skip62
\CodeWidthChar=\skip63
\CodeHeightChar=\skip64
\DoxyCodeWidth=\skip65
! Undefined control sequence.
l.170 \setlistdepth
                   {12}
? 

! LaTeX Error: Missing \begin{document}.

See the LaTeX manual or LaTeX Companion for explanation.
Type  H <return>  for immediate help.
 ...                                              
                                                  
l.170 \setlistdepth{1
                     2}
? 
! Undefined control sequence.
l.171 \newlist
              {DoxyEnumerate}{enumerate}{12}
? 
! Undefined control sequence.
l.172 \setlist
              [DoxyEnumerate,1]{label=\arabic*.}
? 
! Missing number, treated as zero.
<to be read again> 
                   \c@* 
l.172 \setlist[DoxyEnumerate,1]{label=\arabic*
                                              .}
? 
! Undefined control sequence.
l.173 \setlist
              [DoxyEnumerate,2]{label=(\enumalphalphcnt*)}
? 
! Undefined control sequence.
l.173 ...[DoxyEnumerate,2]{label=(\enumalphalphcnt
                                                  *)}
? 
! Undefined control sequence.
l.174 \setlist
              [DoxyEnumerate,3]{label=\roman*.}
? 
! Missing number, treated as zero.
<to be read again> 
                   \c@* 
l.174 \setlist[DoxyEnumerate,3]{label=\roman*
                                             .}
? 
! Undefined control sequence.
l.175 \setlist
              [DoxyEnumerate,4]{label=\enumAlphAlphcnt*.}
? 
! Undefined control sequence.
l.175 ...t[DoxyEnumerate,4]{label=\enumAlphAlphcnt
                                                  *.}
? 
! Undefined control sequence.
l.176 \setlist
              [DoxyEnumerate,5]{label=\arabic*.}
? 
! Missing number, treated as zero.
<to be read again> 
                   \c@* 
l.176 \setlist[DoxyEnumerate,5]{label=\arabic*
                                              .}
? 
! Undefined control sequence.
l.177 \setlist
              [DoxyEnumerate,6]{label=(\enumalphalphcnt*)}
? 
! Undefined control sequence.
l.177 ...[DoxyEnumerate,6]{label=(\enumalphalphcnt
                                                  *)}
? 
! Undefined control sequence.
l.178 \setlist
              [DoxyEnumerate,7]{label=\roman*.}
? 
! Missing number, treated as zero.
<to be read again> 
                   \c@* 
l.178 \setlist[DoxyEnumerate,7]{label=\roman*
                                             .}
? 
! Undefined control sequence.
l.179 \setlist
              [DoxyEnumerate,8]{label=\enumAlphAlphcnt*.}
? 
! Undefined control sequence.
l.179 ...t[DoxyEnumerate,8]{label=\enumAlphAlphcnt
                                                  *.}
? 
! Undefined control sequence.
l.180 \setlist
              [DoxyEnumerate,9]{label=\arabic*.}
? 
! Missing number, treated as zero.
<to be read again> 
                   \c@* 
l.180 \setlist[DoxyEnumerate,9]{label=\arabic*
                                              .}
? 
! Undefined control sequence.
l.181 \setlist
              [DoxyEnumerate,10]{label=(\enumalphalphcnt*)}
? 
! Undefined control sequence.
l.181 ...DoxyEnumerate,10]{label=(\enumalphalphcnt
                                                  *)}
? 
! Undefined control sequence.
l.182 \setlist
              [DoxyEnumerate,11]{label=\roman*.}
? 
! Missing number, treated as zero.
<to be read again> 
                   \c@* 
l.182 \setlist[DoxyEnumerate,11]{label=\roman*
                                              .}
? 
! Undefined control sequence.
l.183 \setlist
              [DoxyEnumerate,12]{label=\enumAlphAlphcnt*.}
? 
! Undefined control sequence.
l.183 ...[DoxyEnumerate,12]{label=\enumAlphAlphcnt
                                                  *.}
? 

Overfull \hbox (12.92682pt too wide) in paragraph at lines 170--184
\OT1/cmr/m/n/10 ate,2]label=(*) [DoxyEnu-mer-ate,3]label=. [DoxyEnu-mer-ate,4]l
abel=*. [DoxyEnu-
 []


Overfull \hbox (29.62129pt too wide) in paragraph at lines 170--184
\OT1/cmr/m/n/10 mer-ate,5]label=0. [DoxyEnu-mer-ate,6]label=(*) [DoxyEnu-mer-at
e,7]label=. [DoxyEnu-
 []

! Undefined control sequence.
l.186 \setlistdepth
                   {12}
? 

! LaTeX Error: Missing \begin{document}.

See the LaTeX manual or LaTeX Companion for explanation.
Type  H <return>  for immediate help.
 ...                                              
                                                  
l.186 \setlistdepth{1
                     2}
? 
! Undefined control sequence.
l.187 \newlist
              {DoxyItemize}{itemize}{12}
? 
! Undefined control sequence.
l.188 \setlist
              [DoxyItemize]{label=\textperiodcentered}
? 
! Undefined control sequence.
l.190 \setlist
              [DoxyItemize,1]{label=\textbullet}
? 

! LaTeX Error: Missing \begin{document}.

See the LaTeX manual or LaTeX Companion for explanation.
Type  H <return>  for immediate help.
 ...                                              
                                                  
l.190 \setlist[
               DoxyItemize,1]{label=\textbullet}
? 
! Undefined control sequence.
l.191 \setlist
              [DoxyItemize,2]{label=\normalfont\bfseries \textendash}
? 
! Undefined control sequence.
l.192 \setlist
              [DoxyItemize,3]{label=\textasteriskcentered}
? 
! Undefined control sequence.
l.193 \setlist
              [DoxyItemize,4]{label=\textperiodcentered}
? 

Overfull \hbox (32.1361pt too wide) in paragraph at lines 190--194
[]\OT1/cmr/m/n/10 [DoxyItemize,1]label=\TS1/cmr/m/n/10 ˆ \OT1/cmr/m/n/10 [DoxyI
tem-ize,2]label=\OT1/cmr/bx/n/10 { \OT1/cmr/m/n/10 [DoxyItem-ize,3]label=\TS1/c
mr/m/n/10 * \OT1/cmr/m/n/10 [DoxyItem-
 []

! Undefined control sequence.
l.539 \definecolor
                  {comment}{rgb}{0.5,0.0,0.0}
? 

! LaTeX Error: Missing \begin{document}.

See the LaTeX manual or LaTeX Companion for explanation.
Type  H <return>  for immediate help.
 ...                                              
                                                  
l.539 \definecolor{c
                    omment}{rgb}{0.5,0.0,0.0}
? 
! Undefined control sequence.
l.540 \definecolor
                  {keyword}{rgb}{0.0,0.5,0.0}
? 
! Undefined control sequence.
l.541 \definecolor
                  {keywordtype}{rgb}{0.38,0.25,0.125}
? 
! Undefined control sequence.
l.542 \definecolor
                  {keywordflow}{rgb}{0.88,0.5,0.0}
? 
! Undefined control sequence.
l.543 \definecolor
                  {preprocessor}{rgb}{0.5,0.38,0.125}
? 
! Undefined control sequence.
l.544 \definecolor
                  {stringliteral}{rgb}{0.0,0.125,0.25}
? 
! Undefined control sequence.
l.545 \definecolor
                  {charliteral}{rgb}{0.0,0.5,0.5}
? 
! Undefined control sequence.
l.546 \definecolor
                  {vhdldigit}{rgb}{1.0,0.0,1.0}
? 
! Undefined control sequence.
l.547 \definecolor
                  {vhdlkeyword}{rgb}{0.43,0.0,0.43}
? 
! Undefined control sequence.
l.548 \definecolor
                  {vhdllogic}{rgb}{1.0,0.0,0.0}
? 
! Undefined control sequence.
l.549 \definecolor
                  {vhdlchar}{rgb}{0.0,0.0,0.0}
? 

Overfull \hbox (0.69528pt too wide) in paragraph at lines 539--550
[]\OT1/cmr/m/n/10 commentrgb0.5,0.0,0.0 key-wor-drgb0.0,0.5,0.0 key-word-type-r
gb0.38,0.25,0.125
 []


Overfull \hbox (28.19534pt too wide) in paragraph at lines 539--550
\OT1/cmr/m/n/10 key-word-flowrgb0.88,0.5,0.0 pre-pro-ces-sor-rgb0.5,0.38,0.125 
stringlit-er-al-rgb0.0,0.125,0.25
 []


Overfull \hbox (7.94537pt too wide) in paragraph at lines 539--550
\OT1/cmr/m/n/10 char-lit-er-al-rgb0.0,0.5,0.5 vhdldig-itrgb1.0,0.0,1.0 vhdlkey-
wor-drgb0.43,0.0,0.43 vhdl-
 []

! Undefined control sequence.
l.595 \AddEnumerateCounter
                          {\enumalphalphcnt}{\@enumalphalphcnt}{aa}
? 
! Argument of \enumalphalphcnt has an extra }.
<inserted text> 
                \par 
l.595 \AddEnumerateCounter{\enumalphalphcnt}
                                            {\@enumalphalphcnt}{aa}
? 
Runaway argument?
! Paragraph ended before \enumalphalphcnt was complete.
<to be read again> 
                   \par 
l.595 \AddEnumerateCounter{\enumalphalphcnt}
                                            {\@enumalphalphcnt}{aa}
? 
! You can't use `\spacefactor' in vertical mode.
\@->\spacefactor 
                 \@m {}
l.595 \AddEnumerateCounter{\enumalphalphcnt}{\@
                                               enumalphalphcnt}{aa}
? 
! Missing $ inserted.
<inserted text> 
                $
l.595 \AddEnumerateCounter{\enumalphalphcnt}{\@
                                               enumalphalphcnt}{aa}
? 

! LaTeX Error: Missing \begin{document}.

See the LaTeX manual or LaTeX Companion for explanation.
Type  H <return>  for immediate help.
 ...                                              
                                                  
l.595 \AddEnumerateCounter{\enumalphalphcnt}{\@
                                               enumalphalphcnt}{aa}
? 
LaTeX Font Info:    Trying to load font information for U+msa on input line 595
.
(/usr/share/texlive/texmf-dist/tex/latex/amsfonts/umsa.fd
File: umsa.fd 2013/01/14 v3.01 AMS symbols A
)
LaTeX Font Info:    Trying to load font information for U+msb on input line 595
.

(/usr/share/texlive/texmf-dist/tex/latex/amsfonts/umsb.fd
File: umsb.fd 2013/01/14 v3.01 AMS symbols B
)
! Extra }, or forgotten $.
l.595 ...nter{\enumalphalphcnt}{\@enumalphalphcnt}
                                                  {aa}
? 
! Undefined control sequence.
l.596 \AddEnumerateCounter
                          {\enumAlphAlphcnt}{\@enumAlphAlphcnt}{AA}
? 
! Argument of \enumAlphAlphcnt has an extra }.
<inserted text> 
                \par 
l.596 \AddEnumerateCounter{\enumAlphAlphcnt}
                                            {\@enumAlphAlphcnt}{AA}
? 
Runaway argument?
! Paragraph ended before \enumAlphAlphcnt was complete.
<to be read again> 
                   \par 
l.596 \AddEnumerateCounter{\enumAlphAlphcnt}
                                            {\@enumAlphAlphcnt}{AA}
? 
! Missing $ inserted.
<inserted text> 
                $
l.596 \AddEnumerateCounter{\enumAlphAlphcnt}
                                            {\@enumAlphAlphcnt}{AA}
? 
! Missing } inserted.
<inserted text> 
                }
l.596 \AddEnumerateCounter{\enumAlphAlphcnt}
                                            {\@enumAlphAlphcnt}{AA}
? 
Missing character: There is no è in font cmex10!
! You can't use `\spacefactor' in vertical mode.
\@->\spacefactor 
                 \@m {}
l.596 \AddEnumerateCounter{\enumAlphAlphcnt}{\@
                                               enumAlphAlphcnt}{AA}
? 
! Missing $ inserted.
<inserted text> 
                $
l.596 \AddEnumerateCounter{\enumAlphAlphcnt}{\@
                                               enumAlphAlphcnt}{AA}
? 

! LaTeX Error: Missing \begin{document}.

See the LaTeX manual or LaTeX Companion for explanation.
Type  H <return>  for immediate help.
 ...                                              
                                                  
l.596 \AddEnumerateCounter{\enumAlphAlphcnt}{\@
                                               enumAlphAlphcnt}{AA}
? 
! Extra }, or forgotten $.
l.596 ...nter{\enumAlphAlphcnt}{\@enumAlphAlphcnt}
                                                  {AA}
? 
) (/usr/share/texlive/texmf-dist/tex/latex/graphics/graphicx.sty
Package: graphicx 2021/09/16 v1.2d Enhanced LaTeX Graphics (DPC,SPQR)

(/usr/share/texlive/texmf-dist/tex/latex/graphics/keyval.sty
Package: keyval 2022/05/29 v1.15 key=value parser (DPC)
\KV@toks@=\toks24
)
(/usr/share/texlive/texmf-dist/tex/latex/graphics/graphics.sty
! Missing $ inserted.
<inserted text> 
                $
l.29 
     
? 
Missing character: There is no è in font cmex10!
Package: graphics 2022/03/10 v1.4e Standard LaTeX Graphics (DPC,SPQR)
! You can't use `\spacefactor' in vertical mode.
\@->\spacefactor 
                 \@m {}
l.42 \@
       makeother\"%
? 
! Missing $ inserted.
<inserted text> 
                $
l.42 \@
       makeother\"%
? 

! LaTeX Error: Missing \begin{document}.

See the LaTeX manual or LaTeX Companion for explanation.
Type  H <return>  for immediate help.
 ...                                              
                                                  
l.42 \@
       makeother\"%
? 

LaTeX Warning: Command \" invalid in math mode on input line 42.

! Missing number, treated as zero.
<to be read again> 
                   \global 
l.43 \catcode
             `\*=11
? 
! Missing number, treated as zero.
<to be read again> 
                   \global 
l.43 \catcode
             `\*=11
? 
! Please use \mathaccent for accents in math mode.
\add@accent ... \let \ignorespaces \relax \accent 
                                                  #1 #2\egroup \ifmmode \els...
l.43 \catcode
             `\*=11
? 
! Missing { inserted.
<to be read again> 
                   \catcode 
l.43 \catcode
             `\*=11
? 
! Missing number, treated as zero.
<to be read again> 
                   \egroup 
l.43 \catcode
             `\*=11
? 
! Missing number, treated as zero.
<to be read again> 
                   \egroup 
l.43 \catcode
             `\*=11
? 
! You can't use `\spacefactor' in math mode.
\@->\spacefactor 
                 \@m {}
l.44 \@
       makeother\!%
? 
! You can't use `\spacefactor' in math mode.
\@->\spacefactor 
                 \@m {}
l.45 \@
       makeother\:%
? 
(/usr/share/texlive/texmf-dist/tex/latex/graphics/trig.sty
Package: trig 2021/08/11 v1.11 sin cos tan (DPC)
)
! You can't use `\spacefactor' in math mode.
\@->\spacefactor 
                 \@m {}
l.47 \providecommand\Grot@start{\@
                                  latex@error{Rotation not supported}\@ehc
? 
! You can't use `\spacefactor' in math mode.
\@->\spacefactor 
                 \@m {}
l.47 ...rt{\@latex@error{Rotation not supported}\@
                                                  ehc
? 
! You can't use `\spacefactor' in math mode.
\@->\spacefactor 
                 \@m {}
l.50 \providecommand\Gscale@start{\@
                                    latex@error{Scaling not supported}\@ehc
? 
! You can't use `\spacefactor' in math mode.
\@->\spacefactor 
                 \@m {}
l.50 ...art{\@latex@error{Scaling not supported}\@
                                                  ehc
? 
! Use of \Gin doesn't match its definition.
l.64 \newif\ifGin@setpagesize\Gin@s
                                   etpagesizetrue
? 
(/usr/share/texlive/texmf-dist/tex/latex/graphics-cfg/graphics.cfg
! Missing $ inserted.
<inserted text> 
                $
l.2 
    
? 
! Missing } inserted.
<inserted text> 
                }
l.2 
    
? 
Missing character: There is no è in font cmex10!
Missing character: There is no è in font cmex10!
Missing character: There is no è in font cmex10!
Missing character: There is no è in font cmex10!
Missing character: There is no è in font cmex10!
Missing character: There is no è in font cmex10!
Missing character: There is no è in font cmex10!

Overfull \hbox (471.70992pt too wide) in paragraph at lines 42--2
[]$[]\OML/cmm/m/it/10 makeother[]$ 
 []

File: graphics.cfg 2016/06/04 v1.11 sample graphics configuration
! Undefined control sequence.
l.27     \ifnum\luatexversion
                             >85
? 
! Missing number, treated as zero.
<to be read again> 
                   >
l.27     \ifnum\luatexversion>
                              85
? 
)
Package graphics Info: Driver file: pdftex.def on input line 107.

! You can't use `\spacefactor' in vertical mode.
\@->\spacefactor 
                 \@m {}
l.108   \@
          ifundefined{ver@\Gin@driver}{\input{\Gin@driver}}{}
? 
! Missing $ inserted.
<inserted text> 
                $
l.108   \@
          ifundefined{ver@\Gin@driver}{\input{\Gin@driver}}{}
? 

! LaTeX Error: Missing \begin{document}.

See the LaTeX manual or LaTeX Companion for explanation.
Type  H <return>  for immediate help.
 ...                                              
                                                  
l.108   \@
          ifundefined{ver@\Gin@driver}{\input{\Gin@driver}}{}
? 
(/usr/share/texlive/texmf-dist/tex/latex/graphics-def/pdftex.def
File: pdftex.def 2022/09/22 v1.2b Graphics/color driver for pdftex

! Missing number, treated as zero.
<to be read again> 
                   @
l.67 \chardef\main@
                   pdfcolorstack=0 %
? 
! You can't use `\spacefactor' in math mode.
\@->\spacefactor 
                 \@m {}
l.68 \@
       ifundefined{@pdfcolorstack}
? 
! Missing $ inserted.
<inserted text> 
                $
l.144 
      
? 
! Missing } inserted.
<inserted text> 
                }
l.144 
      
? 
Missing character: There is no è in font cmex10!
Missing character: There is no è in font cmex10!

Overfull \hbox (55.8312pt too wide) in paragraph at lines 108--144
[]$[]\OML/cmm/m/it/10 ifundefined[][]$ 
 []

! Use of \@ doesn't match its definition.
<recently read> g
                 
l.149   \expandafter\@g
                       obble
? 

! LaTeX Error: Missing \begin{document}.

See the LaTeX manual or LaTeX Companion for explanation.
Type  H <return>  for immediate help.
 ...                                              
                                                  
l.149   \expandafter\@go
                        bble
? 
! Use of \@ doesn't match its definition.
l.152  \@i
          fl@t@r\fmtversion{2020/10/01}
? 
! Undefined control sequence.
l.159     \g
            @addto@macro\@kernel@before@shipout@background
? 
! Use of \@ doesn't match its definition.
l.159     \g@addto@macro\@k
                           ernel@before@shipout@background
? 
! Undefined control sequence.
l.161       \ifGPT
                  @pagecolor
? 
! Use of \@ doesn't match its definition.
<argument> \pdfcolorstack \@p
                             dfcolorstack push{\current @page@color}\aftergr...
l.167           }
                 %
? 
! Missing number, treated as zero.
<to be read again> 
                   d
l.167           }
                 %
? 
! Color stack action is missing.
<to be read again> 
                   d
l.167           }
                 %
? 
! Undefined control sequence.
<argument> ...stack \@pdfcolorstack push{\current 
                                                  @page@color}\aftergroup \r...
l.167           }
                 %
? 
! Undefined control sequence.
<recently read> \reset 
                       
l.167           }
                 %
? 

Overfull \hbox (45.1954pt too wide) in paragraph at lines 149--193
[]\OT1/cmr/m/n/10 obble fl@t@r2022-11-012020/10/01 @ad-dto@macroernel@before@sh
ipout@background
 []


Underfull \vbox (badness 10000) has occurred while \output is active []

 [1{/var/lib/texmf/fonts/map/pdftex/updmap/pdftex.map}

]
Overfull \vbox (302.99129pt too high) has occurred while \output is active []


[2]

! LaTeX Error: Missing \begin{document}.

See the LaTeX manual or LaTeX Companion for explanation.
Type  H <return>  for immediate help.
 ...                                              
                                                  
l.243 \let\Gin@a
                ttr@hash\@empty
? 
! Use of \@ doesn't match its definition.
l.243 \let\Gin@attr@hash\@e
                           mpty
? 
! Use of \@ doesn't match its definition.
l.244 \@i
         fundefined{Gin@decode}
? 
! Use of \@ doesn't match its definition.
l.245   {\let\Gin@decode\@e
                           mpty}
? 
! Use of \@ doesn't match its definition.
l.247 \@i
         fundefined{Gin@log}
? 
! Missing { inserted.
<to be read again> 
                   }
l.248   {\let\Gin@log\wlog}
                           
? 

! Use of \@ doesn't match its definition.
l.250 \@i
         fundefined{Gin@page}
? 
! Use of \@ doesn't match its definition.
l.251   {\let\Gin@page\@e
                         mpty}
? 
! Use of \@ doesn't match its definition.
l.254 \@i
         fundefined{Gin@pagebox}
? 
! Use of \@ doesn't match its definition.
l.258 \@i
         fundefined{Gin@interpolate}
? 
! Use of \GPT doesn't match its definition.
l.399 \GPT@v
            iewporttrue
? 
! Use of \@ doesn't match its definition.
l.554 \@i
         fundefined{ifGin@setpagesize}
? 
! Use of \@ doesn't match its definition.
l.558 \@i
         fundefined{stockwidth}{\newdimen\stockwidth}{}
? 
! Emergency stop.
l.558 
      
End of file on the terminal!

 
Here is how much of TeX's memory you used:
 2588 strings out of 478051
 38314 string characters out of 5840942
 1853330 words of memory out of 5000000
 22711 multiletter control sequences out of 15000+600000
 514982 words of font info for 43 fonts, out of 8000000 for 9000
 14 hyphenation exceptions out of 8191
 59i,6n,65p,208b,266s stack positions out of 10000i,1000n,20000p,200000b,200000s
!  ==> Fatal error occurred, no output PDF file produced!
